<<<<<<< HEAD
C:\USERS\FABIEN\DOCUMENTS\GIT\PG208_LIBRARY\DEBUG\PG208_LIBRARY.EXE
C:\USERS\FABIEN\DOCUMENTS\GIT\PG208_LIBRARY\DEBUG\PG208_LIBRARY.ILK
C:\USERS\FABIEN\DOCUMENTS\GIT\PG208_LIBRARY\DEBUG\PG208_LIBRARY.PDB
C:\USERS\FABIEN\DOCUMENTS\GIT\PG208_LIBRARY\PG208_LIBRARY\DEBUG\.NETFRAMEWORK,VERSION=V4.0.ASSEMBLYATTRIBUTES.OBJ
C:\USERS\FABIEN\DOCUMENTS\GIT\PG208_LIBRARY\PG208_LIBRARY\DEBUG\APP.RES
C:\USERS\FABIEN\DOCUMENTS\GIT\PG208_LIBRARY\PG208_LIBRARY\DEBUG\ARTICLE.OBJ
C:\USERS\FABIEN\DOCUMENTS\GIT\PG208_LIBRARY\PG208_LIBRARY\DEBUG\ASSEMBLYINFO.OBJ
C:\USERS\FABIEN\DOCUMENTS\GIT\PG208_LIBRARY\PG208_LIBRARY\DEBUG\BOOK.OBJ
C:\USERS\FABIEN\DOCUMENTS\GIT\PG208_LIBRARY\PG208_LIBRARY\DEBUG\CD.OBJ
C:\USERS\FABIEN\DOCUMENTS\GIT\PG208_LIBRARY\PG208_LIBRARY\DEBUG\CIPHER.OBJ
C:\Users\Fabien\Documents\Git\PG208_Library\PG208_Library\Debug\cl.command.1.tlog
C:\Users\Fabien\Documents\Git\PG208_Library\PG208_Library\Debug\CL.read.1.tlog
C:\Users\Fabien\Documents\Git\PG208_Library\PG208_Library\Debug\CL.write.1.tlog
C:\USERS\FABIEN\DOCUMENTS\GIT\PG208_LIBRARY\PG208_LIBRARY\DEBUG\CONVERSION.OBJ
C:\USERS\FABIEN\DOCUMENTS\GIT\PG208_LIBRARY\PG208_LIBRARY\DEBUG\FORMEDITARTICLE.OBJ
C:\USERS\FABIEN\DOCUMENTS\GIT\PG208_LIBRARY\PG208_LIBRARY\DEBUG\FORMHOME.OBJ
C:\USERS\FABIEN\DOCUMENTS\GIT\PG208_LIBRARY\PG208_LIBRARY\DEBUG\FORMNEWARTICLE.OBJ
C:\USERS\FABIEN\DOCUMENTS\GIT\PG208_LIBRARY\PG208_LIBRARY\DEBUG\FORMNEWUSER.OBJ
C:\USERS\FABIEN\DOCUMENTS\GIT\PG208_LIBRARY\PG208_LIBRARY\DEBUG\LIBRARY.OBJ
C:\Users\Fabien\Documents\Git\PG208_Library\PG208_Library\Debug\link.13264.read.1.tlog
C:\Users\Fabien\Documents\Git\PG208_Library\PG208_Library\Debug\link.13264.write.1.tlog
C:\Users\Fabien\Documents\Git\PG208_Library\PG208_Library\Debug\link.13264-cvtres.read.1.tlog
C:\Users\Fabien\Documents\Git\PG208_Library\PG208_Library\Debug\link.13264-cvtres.write.1.tlog
C:\Users\Fabien\Documents\Git\PG208_Library\PG208_Library\Debug\link.14320.read.1.tlog
C:\Users\Fabien\Documents\Git\PG208_Library\PG208_Library\Debug\link.14320.write.1.tlog
C:\Users\Fabien\Documents\Git\PG208_Library\PG208_Library\Debug\link.14320-cvtres.read.1.tlog
C:\Users\Fabien\Documents\Git\PG208_Library\PG208_Library\Debug\link.14320-cvtres.write.1.tlog
C:\Users\Fabien\Documents\Git\PG208_Library\PG208_Library\Debug\link.15276.read.1.tlog
C:\Users\Fabien\Documents\Git\PG208_Library\PG208_Library\Debug\link.15276.write.1.tlog
C:\Users\Fabien\Documents\Git\PG208_Library\PG208_Library\Debug\link.15276-cvtres.read.1.tlog
C:\Users\Fabien\Documents\Git\PG208_Library\PG208_Library\Debug\link.15276-cvtres.write.1.tlog
C:\Users\Fabien\Documents\Git\PG208_Library\PG208_Library\Debug\link.15344.read.1.tlog
C:\Users\Fabien\Documents\Git\PG208_Library\PG208_Library\Debug\link.15344.write.1.tlog
C:\Users\Fabien\Documents\Git\PG208_Library\PG208_Library\Debug\link.15344-cvtres.read.1.tlog
C:\Users\Fabien\Documents\Git\PG208_Library\PG208_Library\Debug\link.15344-cvtres.write.1.tlog
C:\Users\Fabien\Documents\Git\PG208_Library\PG208_Library\Debug\link.376.read.1.tlog
C:\Users\Fabien\Documents\Git\PG208_Library\PG208_Library\Debug\link.376.write.1.tlog
C:\Users\Fabien\Documents\Git\PG208_Library\PG208_Library\Debug\link.376-cvtres.read.1.tlog
C:\Users\Fabien\Documents\Git\PG208_Library\PG208_Library\Debug\link.376-cvtres.write.1.tlog
C:\Users\Fabien\Documents\Git\PG208_Library\PG208_Library\Debug\link.5452.read.1.tlog
C:\Users\Fabien\Documents\Git\PG208_Library\PG208_Library\Debug\link.5452.write.1.tlog
C:\Users\Fabien\Documents\Git\PG208_Library\PG208_Library\Debug\link.5452-cvtres.read.1.tlog
C:\Users\Fabien\Documents\Git\PG208_Library\PG208_Library\Debug\link.5452-cvtres.write.1.tlog
C:\Users\Fabien\Documents\Git\PG208_Library\PG208_Library\Debug\link.6680.read.1.tlog
C:\Users\Fabien\Documents\Git\PG208_Library\PG208_Library\Debug\link.6680.write.1.tlog
C:\Users\Fabien\Documents\Git\PG208_Library\PG208_Library\Debug\link.6680-cvtres.read.1.tlog
C:\Users\Fabien\Documents\Git\PG208_Library\PG208_Library\Debug\link.6680-cvtres.write.1.tlog
C:\Users\Fabien\Documents\Git\PG208_Library\PG208_Library\Debug\link.7008.read.1.tlog
C:\Users\Fabien\Documents\Git\PG208_Library\PG208_Library\Debug\link.7008.write.1.tlog
C:\Users\Fabien\Documents\Git\PG208_Library\PG208_Library\Debug\link.7008-cvtres.read.1.tlog
C:\Users\Fabien\Documents\Git\PG208_Library\PG208_Library\Debug\link.7008-cvtres.write.1.tlog
C:\Users\Fabien\Documents\Git\PG208_Library\PG208_Library\Debug\link.7024.read.1.tlog
C:\Users\Fabien\Documents\Git\PG208_Library\PG208_Library\Debug\link.7024.write.1.tlog
C:\Users\Fabien\Documents\Git\PG208_Library\PG208_Library\Debug\link.7024-cvtres.read.1.tlog
C:\Users\Fabien\Documents\Git\PG208_Library\PG208_Library\Debug\link.7024-cvtres.write.1.tlog
C:\Users\Fabien\Documents\Git\PG208_Library\PG208_Library\Debug\link.command.1.tlog
C:\Users\Fabien\Documents\Git\PG208_Library\PG208_Library\Debug\link.read.1.tlog
C:\Users\Fabien\Documents\Git\PG208_Library\PG208_Library\Debug\link.write.1.tlog
C:\USERS\FABIEN\DOCUMENTS\GIT\PG208_LIBRARY\PG208_LIBRARY\DEBUG\MAGAZINE.OBJ
C:\Users\Fabien\Documents\Git\PG208_Library\PG208_Library\Debug\metagen.read.1.tlog
C:\USERS\FABIEN\DOCUMENTS\GIT\PG208_LIBRARY\PG208_LIBRARY\DEBUG\METAGEN.WRITE.1.TLOG
C:\Users\Fabien\Documents\Git\PG208_Library\PG208_Library\Debug\MICROSOFT.VISUALBASIC.POWERPACKS.VS.DLL.metagen
C:\Users\Fabien\Documents\Git\PG208_Library\PG208_Library\Debug\mt.command.1.tlog
C:\Users\Fabien\Documents\Git\PG208_Library\PG208_Library\Debug\mt.read.1.tlog
C:\Users\Fabien\Documents\Git\PG208_Library\PG208_Library\Debug\mt.write.1.tlog
C:\USERS\FABIEN\DOCUMENTS\GIT\PG208_LIBRARY\PG208_LIBRARY\DEBUG\NUMERICRES.OBJ
C:\USERS\FABIEN\DOCUMENTS\GIT\PG208_LIBRARY\PG208_LIBRARY\DEBUG\PG208_LIBRARY.EXE.INTERMEDIATE.MANIFEST
C:\Users\Fabien\Documents\Git\PG208_Library\PG208_Library\Debug\PG208_Library.FormEditArticle.resources
C:\Users\Fabien\Documents\Git\PG208_Library\PG208_Library\Debug\PG208_Library.FormHomeAdmin.resources
C:\Users\Fabien\Documents\Git\PG208_Library\PG208_Library\Debug\PG208_Library.FormLogOn.resources
C:\Users\Fabien\Documents\Git\PG208_Library\PG208_Library\Debug\PG208_Library.FormNewArticle.resources
C:\Users\Fabien\Documents\Git\PG208_Library\PG208_Library\Debug\PG208_Library.FormNewUser.resources
C:\USERS\FABIEN\DOCUMENTS\GIT\PG208_LIBRARY\PG208_LIBRARY\DEBUG\PG208_LIBRARY.OBJ
C:\USERS\FABIEN\DOCUMENTS\GIT\PG208_LIBRARY\PG208_LIBRARY\DEBUG\PG208_LIBRARY.PCH
C:\Users\Fabien\Documents\Git\PG208_Library\PG208_Library\Debug\PG208_Library.vcxproj.GenerateResource.Cache
C:\Users\Fabien\Documents\Git\PG208_Library\PG208_Library\Debug\PG208_Library.vcxprojResolveAssemblyReference.cache
C:\Users\Fabien\Documents\Git\PG208_Library\PG208_Library\Debug\PG208_Library.write.1.tlog
C:\USERS\FABIEN\DOCUMENTS\GIT\PG208_LIBRARY\PG208_LIBRARY\DEBUG\POPUPS.OBJ
C:\Users\Fabien\Documents\Git\PG208_Library\PG208_Library\Debug\rc.command.1.tlog
C:\Users\Fabien\Documents\Git\PG208_Library\PG208_Library\Debug\rc.read.1.tlog
C:\Users\Fabien\Documents\Git\PG208_Library\PG208_Library\Debug\rc.write.1.tlog
C:\USERS\FABIEN\DOCUMENTS\GIT\PG208_LIBRARY\PG208_LIBRARY\DEBUG\STDAFX.OBJ
C:\Users\Fabien\Documents\Git\PG208_Library\PG208_Library\Debug\TZRES.DLL.bi
C:\USERS\FABIEN\DOCUMENTS\GIT\PG208_LIBRARY\PG208_LIBRARY\DEBUG\VC100.PDB
C:\USERS\FABIEN\DOCUMENTS\GIT\PG208_LIBRARY\PG208_LIBRARY\DEBUG\VIDEO.OBJ
=======
C:\PROJETC++BIBLIO\GIT_ALEX\PG208_LIBRARY\PG208_LIBRARY\DEBUG\ARTICLE.OBJ
C:\PROJETC++BIBLIO\GIT_ALEX\PG208_LIBRARY\PG208_LIBRARY\DEBUG\ASSEMBLYINFO.OBJ
C:\PROJETC++BIBLIO\GIT_ALEX\PG208_LIBRARY\PG208_LIBRARY\DEBUG\BOOK.OBJ
C:\PROJETC++BIBLIO\GIT_ALEX\PG208_LIBRARY\PG208_LIBRARY\DEBUG\CD.OBJ
C:\PROJETC++BIBLIO\GIT_ALEX\PG208_LIBRARY\PG208_LIBRARY\DEBUG\CIPHER.OBJ
C:\projetC++biblio\git_alex\PG208_Library\PG208_Library\Debug\cl.command.1.tlog
C:\projetC++biblio\git_alex\PG208_Library\PG208_Library\Debug\CL.read.1.tlog
C:\projetC++biblio\git_alex\PG208_Library\PG208_Library\Debug\CL.write.1.tlog
C:\PROJETC++BIBLIO\GIT_ALEX\PG208_LIBRARY\PG208_LIBRARY\DEBUG\FORMEDITARTICLE.OBJ
C:\PROJETC++BIBLIO\GIT_ALEX\PG208_LIBRARY\PG208_LIBRARY\DEBUG\FORMHOME.OBJ
C:\PROJETC++BIBLIO\GIT_ALEX\PG208_LIBRARY\PG208_LIBRARY\DEBUG\FORMNEWARTICLE.OBJ
C:\PROJETC++BIBLIO\GIT_ALEX\PG208_LIBRARY\PG208_LIBRARY\DEBUG\FORMNEWUSER.OBJ
C:\PROJETC++BIBLIO\GIT_ALEX\PG208_LIBRARY\PG208_LIBRARY\DEBUG\LIBRARY.OBJ
C:\PROJETC++BIBLIO\GIT_ALEX\PG208_LIBRARY\PG208_LIBRARY\DEBUG\NUMERICRES.OBJ
C:\PROJETC++BIBLIO\GIT_ALEX\PG208_LIBRARY\PG208_LIBRARY\DEBUG\PG208_LIBRARY.OBJ
C:\PROJETC++BIBLIO\GIT_ALEX\PG208_LIBRARY\PG208_LIBRARY\DEBUG\PG208_LIBRARY.PCH
C:\projetC++biblio\git_alex\PG208_Library\PG208_Library\Debug\PG208_Library.vcxprojResolveAssemblyReference.cache
C:\projetC++biblio\git_alex\PG208_Library\PG208_Library\Debug\PG208_Library.write.1.tlog
C:\PROJETC++BIBLIO\GIT_ALEX\PG208_LIBRARY\PG208_LIBRARY\DEBUG\POPUPS.OBJ
C:\PROJETC++BIBLIO\GIT_ALEX\PG208_LIBRARY\PG208_LIBRARY\DEBUG\STDAFX.OBJ
C:\PROJETC++BIBLIO\GIT_ALEX\PG208_LIBRARY\PG208_LIBRARY\DEBUG\VC100.PDB
C:\PROJETC++BIBLIO\GIT_ALEX\PG208_LIBRARY\PG208_LIBRARY\DEBUG\VIDEO.OBJ
>>>>>>> Origin/master
