Build started 17/04/2016 15:58:00.
     1>Project "C:\Users\Alex Anderson\Desktop\projetC++biblio\git_files\PG208_Library\PG208_Library\PG208_Library.vcxproj" on node 2 (build target(s)).
     1>InitializeBuildStatus:
         Creating "Debug\PG208_Library.unsuccessfulbuild" because "AlwaysCreate" was specified.
       GenerateTargetFrameworkMonikerAttribute:
       Skipping target "GenerateTargetFrameworkMonikerAttribute" because all output files are up-to-date with respect to the input files.
       ClCompile:
         All outputs are up-to-date.
         All outputs are up-to-date.
         All outputs are up-to-date.
       CoreResGen:
         No resources are out of date with respect to their source files. Skipping resource generation.
       ResourceCompile:
         All outputs are up-to-date.
       Link:
         All outputs are up-to-date.
         PG208_Library.vcxproj -> C:\Users\Alex Anderson\Desktop\projetC++biblio\git_files\PG208_Library\Debug\PG208_Library.exe
       FinalizeBuildStatus:
         Deleting file "Debug\PG208_Library.unsuccessfulbuild".
         Touching "Debug\PG208_Library.lastbuildstate".
     1>Done Building Project "C:\Users\Alex Anderson\Desktop\projetC++biblio\git_files\PG208_Library\PG208_Library\PG208_Library.vcxproj" (build target(s)).

Build succeeded.

Time Elapsed 00:00:00.11
