Build started 22-May-16 6:08:49 PM.
     1>Project "C:\Users\Fabien\Documents\Git\PG208_Library\PG208_Library.vcxproj" on node 2 (build target(s)).
     1>InitializeBuildStatus:
         Creating "Release\PG208_Library.unsuccessfulbuild" because "AlwaysCreate" was specified.
       GenerateTargetFrameworkMonikerAttribute:
       Skipping target "GenerateTargetFrameworkMonikerAttribute" because all output files are up-to-date with respect to the input files.
       ClCompile:
         All outputs are up-to-date.
         c:\Program Files (x86)\Microsoft Visual Studio 10.0\VC\bin\CL.exe /c /AI"C:\Program Files (x86)\Reference Assemblies\Microsoft\Framework\.NETFramework\v4.0" /Zi /clr:pure /nologo /W3 /WX- /O2 /Oy- /D WIN32 /D NDEBUG /D _UNICODE /D UNICODE /EHa /MD /GS /fp:precise /Zc:wchar_t /Zc:forScope /Yu"StdAfx.h" /Fp"Release\PG208_Library.pch" /Fo"Release\\" /Fd"Release\vc100.pdb" /TP /FU"C:\Program Files (x86)\Reference Assemblies\Microsoft\Framework\.NETFramework\v4.0\Microsoft.VisualBasic.dll" /FU"C:\Program Files (x86)\Reference Assemblies\Microsoft\VBPowerPacks\v10.0\Microsoft.VisualBasic.PowerPacks.Vs.dll" /FU"C:\Program Files (x86)\Reference Assemblies\Microsoft\Framework\.NETFramework\v4.0\System.Core.dll" /FU"C:\Program Files (x86)\Reference Assemblies\Microsoft\Framework\.NETFramework\v4.0\System.Data.dll" /FU"C:\Program Files (x86)\Reference Assemblies\Microsoft\Framework\.NETFramework\v4.0\System.dll" /FU"C:\Program Files (x86)\Reference Assemblies\Microsoft\Framework\.NETFramework\v4.0\System.Drawing.dll" /FU"C:\Program Files (x86)\Reference Assemblies\Microsoft\Framework\.NETFramework\v4.0\System.Windows.Forms.dll" /FU"C:\Program Files (x86)\Reference Assemblies\Microsoft\Framework\.NETFramework\v4.0\System.Xml.dll" /analyze- /errorReport:prompt PG208_Library.cpp /clr:nostdlib 
         PG208_Library.cpp
     1>c:\users\fabien\documents\git\pg208_library\FormLogOn.h(354): warning C4244: 'argument' : conversion from 'time_t' to 'unsigned int', possible loss of data
     1>c:\users\fabien\documents\git\pg208_library\FormLogOn.h(372): warning C4244: '=' : conversion from 'float' to 'int', possible loss of data
     1>c:\users\fabien\documents\git\pg208_library\FormLogOn.h(373): warning C4244: '=' : conversion from 'float' to 'int', possible loss of data
     1>c:\users\fabien\documents\git\pg208_library\FormLogOn.h(380): warning C4305: '-=' : truncation from 'double' to 'float'
     1>c:\users\fabien\documents\git\pg208_library\FormLogOn.h(383): warning C4305: '+=' : truncation from 'double' to 'float'
     1>c:\users\fabien\documents\git\pg208_library\FormLogOn.h(385): warning C4305: '+=' : truncation from 'double' to 'float'
         All outputs are up-to-date.
       CoreResGen:
         "C:\Program Files (x86)\Microsoft SDKs\Windows\v7.0A\bin\NETFX 4.0 Tools\resgen.exe" /useSourcePath /r:"C:\Program Files (x86)\Reference Assemblies\Microsoft\Framework\.NETFramework\v4.0\Microsoft.VisualBasic.dll" /r:"C:\Program Files (x86)\Reference Assemblies\Microsoft\VBPowerPacks\v10.0\Microsoft.VisualBasic.PowerPacks.Vs.dll" /r:"C:\Program Files (x86)\Reference Assemblies\Microsoft\Framework\.NETFramework\v4.0\System.Core.dll" /r:"C:\Program Files (x86)\Reference Assemblies\Microsoft\Framework\.NETFramework\v4.0\System.Data.dll" /r:"C:\Program Files (x86)\Reference Assemblies\Microsoft\Framework\.NETFramework\v4.0\System.dll" /r:"C:\Program Files (x86)\Reference Assemblies\Microsoft\Framework\.NETFramework\v4.0\System.Drawing.dll" /r:"C:\Program Files (x86)\Reference Assemblies\Microsoft\Framework\.NETFramework\v4.0\System.Windows.Forms.dll" /r:"C:\Program Files (x86)\Reference Assemblies\Microsoft\Framework\.NETFramework\v4.0\System.Xml.dll" /compile FormLogOn.resX,Release\PG208_Library.FormLogOn.resources
         Processing resource file "FormLogOn.resX" into "Release\PG208_Library.FormLogOn.resources".
       ResourceCompile:
         All outputs are up-to-date.
       Link:
         c:\Program Files (x86)\Microsoft Visual Studio 10.0\VC\bin\link.exe /ERRORREPORT:PROMPT /OUT:"C:\Users\Fabien\Documents\Git\PG208_Library\Release\PG208_Library.exe" /INCREMENTAL:NO /NOLOGO /ASSEMBLYRESOURCE:Release\PG208_Library.FormDeleteAll.resources /ASSEMBLYRESOURCE:Release\PG208_Library.FormBorrowArticle.resources /ASSEMBLYRESOURCE:Release\PG208_Library.FormCancelReservations.resources /ASSEMBLYRESOURCE:Release\PG208_Library.FormHomeAdmin.resources /ASSEMBLYRESOURCE:Release\PG208_Library.FormLogOn.resources /ASSEMBLYRESOURCE:Release\PG208_Library.FormNewArticle.resources /ASSEMBLYRESOURCE:Release\PG208_Library.FormNewUser.resources /MANIFEST /ManifestFile:"Release\PG208_Library.exe.intermediate.manifest" /MANIFESTUAC:"level='asInvoker' uiAccess='false'" /DEBUG /PDB:"C:\Users\Fabien\Documents\Git\PG208_Library\Release\PG208_Library.pdb" /SUBSYSTEM:WINDOWS /TLBID:1 /ENTRY:"main" /DYNAMICBASE /FIXED:NO /NXCOMPAT /MACHINE:X86 Release\app.res
         Release\Article.obj
         Release\AssemblyInfo.obj
         Release\conversion.obj
         "Release\Delete All.obj"
         Release\FormCancelReservations.obj
         Release\FormEditArticle.obj
         Release\Magazine.obj
         Release\DigitalRes.obj
         Release\Book.obj
         Release\CD.obj
         Release\cipher.obj
         Release\search.obj
         Release\User.obj
         Release\video.obj
         Release\FormHome.obj
         Release\FormNewArticle.obj
         Release\FormNewUser.obj
         Release\Library.obj
         Release\PG208_Library.obj
         Release\popups.obj
         Release\stdafx.obj
         "Release\.NETFramework,Version=v4.0.AssemblyAttributes.obj"
         PG208_Library.vcxproj -> C:\Users\Fabien\Documents\Git\PG208_Library\Release\PG208_Library.exe
       Manifest:
         C:\Program Files (x86)\Microsoft SDKs\Windows\v7.0A\bin\mt.exe /nologo /verbose /outputresource:"C:\Users\Fabien\Documents\Git\PG208_Library\Release\PG208_Library.exe;#1" /manifest Release\PG208_Library.exe.intermediate.manifest
       FinalizeBuildStatus:
         Deleting file "Release\PG208_Library.unsuccessfulbuild".
         Touching "Release\PG208_Library.lastbuildstate".
     1>Done Building Project "C:\Users\Fabien\Documents\Git\PG208_Library\PG208_Library.vcxproj" (build target(s)).

Build succeeded.

Time Elapsed 00:00:01.68
