C:\projetC++biblio\git_alex\PG208_Library\Debug\.NETFramework,Version=v4.0.AssemblyAttributes.obj
C:\PROJETC++BIBLIO\GIT_ALEX\PG208_LIBRARY\DEBUG\APP.RES
C:\projetC++biblio\git_alex\PG208_Library\Debug\Article.obj
C:\projetC++biblio\git_alex\PG208_Library\Debug\AssemblyInfo.obj
C:\projetC++biblio\git_alex\PG208_Library\Debug\Book.obj
C:\projetC++biblio\git_alex\PG208_Library\Debug\CD.obj
C:\projetC++biblio\git_alex\PG208_Library\Debug\cipher.obj
C:\projetC++biblio\git_alex\PG208_Library\Debug\cl.command.1.tlog
C:\projetC++biblio\git_alex\PG208_Library\Debug\CL.read.1.tlog
C:\projetC++biblio\git_alex\PG208_Library\Debug\CL.write.1.tlog
C:\projetC++biblio\git_alex\PG208_Library\Debug\conversion.obj
C:\projetC++biblio\git_alex\PG208_Library\Debug\DigitalRes.obj
C:\projetC++biblio\git_alex\PG208_Library\Debug\FormEditArticle.obj
C:\projetC++biblio\git_alex\PG208_Library\Debug\FormHome.obj
C:\projetC++biblio\git_alex\PG208_Library\Debug\FormNewArticle.obj
C:\projetC++biblio\git_alex\PG208_Library\Debug\FormNewUser.obj
C:\projetC++biblio\git_alex\PG208_Library\Debug\Library.obj
C:\projetC++biblio\git_alex\PG208_Library\Debug\link.10544.read.1.tlog
C:\projetC++biblio\git_alex\PG208_Library\Debug\link.10544.write.1.tlog
C:\projetC++biblio\git_alex\PG208_Library\Debug\link.10544-cvtres.read.1.tlog
C:\projetC++biblio\git_alex\PG208_Library\Debug\link.10544-cvtres.write.1.tlog
C:\projetC++biblio\git_alex\PG208_Library\Debug\link.11036.read.1.tlog
C:\projetC++biblio\git_alex\PG208_Library\Debug\link.11036.write.1.tlog
C:\projetC++biblio\git_alex\PG208_Library\Debug\link.11036-cvtres.read.1.tlog
C:\projetC++biblio\git_alex\PG208_Library\Debug\link.11036-cvtres.write.1.tlog
C:\projetC++biblio\git_alex\PG208_Library\Debug\link.11252.read.1.tlog
C:\projetC++biblio\git_alex\PG208_Library\Debug\link.11252.write.1.tlog
C:\projetC++biblio\git_alex\PG208_Library\Debug\link.11252-cvtres.read.1.tlog
C:\projetC++biblio\git_alex\PG208_Library\Debug\link.11252-cvtres.write.1.tlog
C:\projetC++biblio\git_alex\PG208_Library\Debug\link.11280.read.1.tlog
C:\projetC++biblio\git_alex\PG208_Library\Debug\link.11280.write.1.tlog
C:\projetC++biblio\git_alex\PG208_Library\Debug\link.11280-cvtres.read.1.tlog
C:\projetC++biblio\git_alex\PG208_Library\Debug\link.11280-cvtres.write.1.tlog
C:\projetC++biblio\git_alex\PG208_Library\Debug\link.11648.read.1.tlog
C:\projetC++biblio\git_alex\PG208_Library\Debug\link.11648.write.1.tlog
C:\projetC++biblio\git_alex\PG208_Library\Debug\link.11648-cvtres.read.1.tlog
C:\projetC++biblio\git_alex\PG208_Library\Debug\link.11648-cvtres.write.1.tlog
C:\projetC++biblio\git_alex\PG208_Library\Debug\link.11932.read.1.tlog
C:\projetC++biblio\git_alex\PG208_Library\Debug\link.11932.write.1.tlog
C:\projetC++biblio\git_alex\PG208_Library\Debug\link.11932-cvtres.read.1.tlog
C:\projetC++biblio\git_alex\PG208_Library\Debug\link.11932-cvtres.write.1.tlog
C:\projetC++biblio\git_alex\PG208_Library\Debug\link.11952.read.1.tlog
C:\projetC++biblio\git_alex\PG208_Library\Debug\link.11952.write.1.tlog
C:\projetC++biblio\git_alex\PG208_Library\Debug\link.11952-cvtres.read.1.tlog
C:\projetC++biblio\git_alex\PG208_Library\Debug\link.11952-cvtres.write.1.tlog
C:\projetC++biblio\git_alex\PG208_Library\Debug\link.11976.read.1.tlog
C:\projetC++biblio\git_alex\PG208_Library\Debug\link.11976.write.1.tlog
C:\projetC++biblio\git_alex\PG208_Library\Debug\link.11976-cvtres.read.1.tlog
C:\projetC++biblio\git_alex\PG208_Library\Debug\link.11976-cvtres.write.1.tlog
C:\projetC++biblio\git_alex\PG208_Library\Debug\link.12032.read.1.tlog
C:\projetC++biblio\git_alex\PG208_Library\Debug\link.12032.write.1.tlog
C:\projetC++biblio\git_alex\PG208_Library\Debug\link.12032-cvtres.read.1.tlog
C:\projetC++biblio\git_alex\PG208_Library\Debug\link.12032-cvtres.write.1.tlog
C:\projetC++biblio\git_alex\PG208_Library\Debug\link.12356.read.1.tlog
C:\projetC++biblio\git_alex\PG208_Library\Debug\link.12356.write.1.tlog
C:\projetC++biblio\git_alex\PG208_Library\Debug\link.12356-cvtres.read.1.tlog
C:\projetC++biblio\git_alex\PG208_Library\Debug\link.12356-cvtres.write.1.tlog
C:\projetC++biblio\git_alex\PG208_Library\Debug\link.12412.read.1.tlog
C:\projetC++biblio\git_alex\PG208_Library\Debug\link.12412.write.1.tlog
C:\projetC++biblio\git_alex\PG208_Library\Debug\link.12412-cvtres.read.1.tlog
C:\projetC++biblio\git_alex\PG208_Library\Debug\link.12412-cvtres.write.1.tlog
C:\projetC++biblio\git_alex\PG208_Library\Debug\link.12528.read.1.tlog
C:\projetC++biblio\git_alex\PG208_Library\Debug\link.12528.read.2.tlog
C:\projetC++biblio\git_alex\PG208_Library\Debug\link.12528.write.1.tlog
C:\projetC++biblio\git_alex\PG208_Library\Debug\link.12528-cvtres.read.1.tlog
C:\projetC++biblio\git_alex\PG208_Library\Debug\link.12528-cvtres.write.1.tlog
C:\projetC++biblio\git_alex\PG208_Library\Debug\link.13004.read.1.tlog
C:\projetC++biblio\git_alex\PG208_Library\Debug\link.13004.write.1.tlog
C:\projetC++biblio\git_alex\PG208_Library\Debug\link.13004-cvtres.read.1.tlog
C:\projetC++biblio\git_alex\PG208_Library\Debug\link.13004-cvtres.write.1.tlog
C:\projetC++biblio\git_alex\PG208_Library\Debug\link.13244.read.1.tlog
C:\projetC++biblio\git_alex\PG208_Library\Debug\link.13244.write.1.tlog
C:\projetC++biblio\git_alex\PG208_Library\Debug\link.13244-cvtres.read.1.tlog
C:\projetC++biblio\git_alex\PG208_Library\Debug\link.13244-cvtres.write.1.tlog
C:\projetC++biblio\git_alex\PG208_Library\Debug\link.13368.read.1.tlog
C:\projetC++biblio\git_alex\PG208_Library\Debug\link.13368.write.1.tlog
C:\projetC++biblio\git_alex\PG208_Library\Debug\link.13368-cvtres.read.1.tlog
C:\projetC++biblio\git_alex\PG208_Library\Debug\link.13368-cvtres.write.1.tlog
C:\projetC++biblio\git_alex\PG208_Library\Debug\link.13856.read.1.tlog
C:\projetC++biblio\git_alex\PG208_Library\Debug\link.13856.write.1.tlog
C:\projetC++biblio\git_alex\PG208_Library\Debug\link.13856-cvtres.read.1.tlog
C:\projetC++biblio\git_alex\PG208_Library\Debug\link.13856-cvtres.write.1.tlog
C:\projetC++biblio\git_alex\PG208_Library\Debug\link.13888.read.1.tlog
C:\projetC++biblio\git_alex\PG208_Library\Debug\link.13888.write.1.tlog
C:\projetC++biblio\git_alex\PG208_Library\Debug\link.13888-cvtres.read.1.tlog
C:\projetC++biblio\git_alex\PG208_Library\Debug\link.13888-cvtres.write.1.tlog
C:\projetC++biblio\git_alex\PG208_Library\Debug\link.13944.read.1.tlog
C:\projetC++biblio\git_alex\PG208_Library\Debug\link.13944.write.1.tlog
C:\projetC++biblio\git_alex\PG208_Library\Debug\link.13944-cvtres.read.1.tlog
C:\projetC++biblio\git_alex\PG208_Library\Debug\link.13944-cvtres.write.1.tlog
C:\projetC++biblio\git_alex\PG208_Library\Debug\link.14032.read.1.tlog
C:\projetC++biblio\git_alex\PG208_Library\Debug\link.14032.write.1.tlog
C:\projetC++biblio\git_alex\PG208_Library\Debug\link.14032-cvtres.read.1.tlog
C:\projetC++biblio\git_alex\PG208_Library\Debug\link.14032-cvtres.write.1.tlog
C:\projetC++biblio\git_alex\PG208_Library\Debug\link.1496.read.1.tlog
C:\projetC++biblio\git_alex\PG208_Library\Debug\link.1496.write.1.tlog
C:\projetC++biblio\git_alex\PG208_Library\Debug\link.1496-cvtres.read.1.tlog
C:\projetC++biblio\git_alex\PG208_Library\Debug\link.1496-cvtres.write.1.tlog
C:\projetC++biblio\git_alex\PG208_Library\Debug\link.2940.read.1.tlog
C:\projetC++biblio\git_alex\PG208_Library\Debug\link.2940.write.1.tlog
C:\projetC++biblio\git_alex\PG208_Library\Debug\link.2940-cvtres.read.1.tlog
C:\projetC++biblio\git_alex\PG208_Library\Debug\link.2940-cvtres.write.1.tlog
C:\projetC++biblio\git_alex\PG208_Library\Debug\link.3472.read.1.tlog
C:\projetC++biblio\git_alex\PG208_Library\Debug\link.3472.write.1.tlog
C:\projetC++biblio\git_alex\PG208_Library\Debug\link.3472-cvtres.read.1.tlog
C:\projetC++biblio\git_alex\PG208_Library\Debug\link.3472-cvtres.write.1.tlog
C:\projetC++biblio\git_alex\PG208_Library\Debug\link.4044.read.1.tlog
C:\projetC++biblio\git_alex\PG208_Library\Debug\link.4044.write.1.tlog
C:\projetC++biblio\git_alex\PG208_Library\Debug\link.4044-cvtres.read.1.tlog
C:\projetC++biblio\git_alex\PG208_Library\Debug\link.4044-cvtres.write.1.tlog
C:\projetC++biblio\git_alex\PG208_Library\Debug\link.4940.read.1.tlog
C:\projetC++biblio\git_alex\PG208_Library\Debug\link.4940.write.1.tlog
C:\projetC++biblio\git_alex\PG208_Library\Debug\link.4940-cvtres.read.1.tlog
C:\projetC++biblio\git_alex\PG208_Library\Debug\link.4940-cvtres.write.1.tlog
C:\projetC++biblio\git_alex\PG208_Library\Debug\link.6396.read.1.tlog
C:\projetC++biblio\git_alex\PG208_Library\Debug\link.6396.write.1.tlog
C:\projetC++biblio\git_alex\PG208_Library\Debug\link.6396-cvtres.read.1.tlog
C:\projetC++biblio\git_alex\PG208_Library\Debug\link.6396-cvtres.write.1.tlog
C:\projetC++biblio\git_alex\PG208_Library\Debug\link.6680.read.1.tlog
C:\projetC++biblio\git_alex\PG208_Library\Debug\link.6680.write.1.tlog
C:\projetC++biblio\git_alex\PG208_Library\Debug\link.6680-cvtres.read.1.tlog
C:\projetC++biblio\git_alex\PG208_Library\Debug\link.6680-cvtres.write.1.tlog
C:\projetC++biblio\git_alex\PG208_Library\Debug\link.6756.read.1.tlog
C:\projetC++biblio\git_alex\PG208_Library\Debug\link.6756.write.1.tlog
C:\projetC++biblio\git_alex\PG208_Library\Debug\link.6756-cvtres.read.1.tlog
C:\projetC++biblio\git_alex\PG208_Library\Debug\link.6756-cvtres.write.1.tlog
C:\projetC++biblio\git_alex\PG208_Library\Debug\link.7596.read.1.tlog
C:\projetC++biblio\git_alex\PG208_Library\Debug\link.7596.write.1.tlog
C:\projetC++biblio\git_alex\PG208_Library\Debug\link.7596-cvtres.read.1.tlog
C:\projetC++biblio\git_alex\PG208_Library\Debug\link.7596-cvtres.write.1.tlog
C:\projetC++biblio\git_alex\PG208_Library\Debug\link.7600.read.1.tlog
C:\projetC++biblio\git_alex\PG208_Library\Debug\link.7600.write.1.tlog
C:\projetC++biblio\git_alex\PG208_Library\Debug\link.7600-cvtres.read.1.tlog
C:\projetC++biblio\git_alex\PG208_Library\Debug\link.7600-cvtres.write.1.tlog
C:\projetC++biblio\git_alex\PG208_Library\Debug\link.7856.read.1.tlog
C:\projetC++biblio\git_alex\PG208_Library\Debug\link.7856.write.1.tlog
C:\projetC++biblio\git_alex\PG208_Library\Debug\link.7856-cvtres.read.1.tlog
C:\projetC++biblio\git_alex\PG208_Library\Debug\link.7856-cvtres.write.1.tlog
C:\projetC++biblio\git_alex\PG208_Library\Debug\link.8100.read.1.tlog
C:\projetC++biblio\git_alex\PG208_Library\Debug\link.8100.write.1.tlog
C:\projetC++biblio\git_alex\PG208_Library\Debug\link.8100-cvtres.read.1.tlog
C:\projetC++biblio\git_alex\PG208_Library\Debug\link.8100-cvtres.write.1.tlog
C:\projetC++biblio\git_alex\PG208_Library\Debug\link.8328.read.1.tlog
C:\projetC++biblio\git_alex\PG208_Library\Debug\link.8328.write.1.tlog
C:\projetC++biblio\git_alex\PG208_Library\Debug\link.8328-cvtres.read.1.tlog
C:\projetC++biblio\git_alex\PG208_Library\Debug\link.8328-cvtres.write.1.tlog
C:\projetC++biblio\git_alex\PG208_Library\Debug\link.836.read.1.tlog
C:\projetC++biblio\git_alex\PG208_Library\Debug\link.836.write.1.tlog
C:\projetC++biblio\git_alex\PG208_Library\Debug\link.836-cvtres.read.1.tlog
C:\projetC++biblio\git_alex\PG208_Library\Debug\link.836-cvtres.write.1.tlog
C:\projetC++biblio\git_alex\PG208_Library\Debug\link.8428.read.1.tlog
C:\projetC++biblio\git_alex\PG208_Library\Debug\link.8428.write.1.tlog
C:\projetC++biblio\git_alex\PG208_Library\Debug\link.8428-cvtres.read.1.tlog
C:\projetC++biblio\git_alex\PG208_Library\Debug\link.8428-cvtres.write.1.tlog
C:\projetC++biblio\git_alex\PG208_Library\Debug\link.8752.read.1.tlog
C:\projetC++biblio\git_alex\PG208_Library\Debug\link.8752.write.1.tlog
C:\projetC++biblio\git_alex\PG208_Library\Debug\link.8752-cvtres.read.1.tlog
C:\projetC++biblio\git_alex\PG208_Library\Debug\link.8752-cvtres.write.1.tlog
C:\projetC++biblio\git_alex\PG208_Library\Debug\link.8768.read.1.tlog
C:\projetC++biblio\git_alex\PG208_Library\Debug\link.8768.write.1.tlog
C:\projetC++biblio\git_alex\PG208_Library\Debug\link.8768-cvtres.read.1.tlog
C:\projetC++biblio\git_alex\PG208_Library\Debug\link.8768-cvtres.write.1.tlog
C:\projetC++biblio\git_alex\PG208_Library\Debug\link.8908.read.1.tlog
C:\projetC++biblio\git_alex\PG208_Library\Debug\link.8908.write.1.tlog
C:\projetC++biblio\git_alex\PG208_Library\Debug\link.8908-cvtres.read.1.tlog
C:\projetC++biblio\git_alex\PG208_Library\Debug\link.8908-cvtres.write.1.tlog
C:\projetC++biblio\git_alex\PG208_Library\Debug\link.9080.read.1.tlog
C:\projetC++biblio\git_alex\PG208_Library\Debug\link.9080.write.1.tlog
C:\projetC++biblio\git_alex\PG208_Library\Debug\link.9080-cvtres.read.1.tlog
C:\projetC++biblio\git_alex\PG208_Library\Debug\link.9080-cvtres.write.1.tlog
C:\projetC++biblio\git_alex\PG208_Library\Debug\link.9352.read.1.tlog
C:\projetC++biblio\git_alex\PG208_Library\Debug\link.9352.write.1.tlog
C:\projetC++biblio\git_alex\PG208_Library\Debug\link.9352-cvtres.read.1.tlog
C:\projetC++biblio\git_alex\PG208_Library\Debug\link.9352-cvtres.write.1.tlog
C:\projetC++biblio\git_alex\PG208_Library\Debug\link.9712.read.1.tlog
C:\projetC++biblio\git_alex\PG208_Library\Debug\link.9712.write.1.tlog
C:\projetC++biblio\git_alex\PG208_Library\Debug\link.9712-cvtres.read.1.tlog
C:\projetC++biblio\git_alex\PG208_Library\Debug\link.9712-cvtres.write.1.tlog
C:\projetC++biblio\git_alex\PG208_Library\Debug\link.command.1.tlog
C:\projetC++biblio\git_alex\PG208_Library\Debug\link.read.1.tlog
C:\projetC++biblio\git_alex\PG208_Library\Debug\link.write.1.tlog
C:\projetC++biblio\git_alex\PG208_Library\Debug\Magazine.obj
C:\projetC++biblio\git_alex\PG208_Library\Debug\metagen.read.1.tlog
C:\projetC++biblio\git_alex\PG208_Library\Debug\metagen.write.1.tlog
C:\projetC++biblio\git_alex\PG208_Library\Debug\mt.command.1.tlog
C:\projetC++biblio\git_alex\PG208_Library\Debug\mt.read.1.tlog
C:\projetC++biblio\git_alex\PG208_Library\Debug\mt.write.1.tlog
C:\PROJETC++BIBLIO\GIT_ALEX\PG208_LIBRARY\DEBUG\PG208_LIBRARY.EXE
C:\PROJETC++BIBLIO\GIT_ALEX\PG208_LIBRARY\DEBUG\PG208_LIBRARY.EXE.INTERMEDIATE.MANIFEST
C:\projetC++biblio\git_alex\PG208_Library\Debug\PG208_Library.FormBorrowArticle.resources
C:\projetC++biblio\git_alex\PG208_Library\Debug\PG208_Library.FormHomeAdmin.resources
C:\projetC++biblio\git_alex\PG208_Library\Debug\PG208_Library.FormLogOn.resources
C:\projetC++biblio\git_alex\PG208_Library\Debug\PG208_Library.FormNewArticle.resources
C:\projetC++biblio\git_alex\PG208_Library\Debug\PG208_Library.FormNewUser.resources
C:\PROJETC++BIBLIO\GIT_ALEX\PG208_LIBRARY\DEBUG\PG208_LIBRARY.ILK
C:\projetC++biblio\git_alex\PG208_Library\Debug\PG208_Library.obj
C:\projetC++biblio\git_alex\PG208_Library\Debug\PG208_Library.pch
C:\PROJETC++BIBLIO\GIT_ALEX\PG208_LIBRARY\DEBUG\PG208_LIBRARY.PDB
C:\projetC++biblio\git_alex\PG208_Library\Debug\PG208_Library.vcxproj.GenerateResource.Cache
C:\projetC++biblio\git_alex\PG208_Library\Debug\PG208_Library.vcxprojResolveAssemblyReference.cache
C:\projetC++biblio\git_alex\PG208_Library\Debug\PG208_Library.write.1.tlog
C:\projetC++biblio\git_alex\PG208_Library\Debug\popups.obj
C:\projetC++biblio\git_alex\PG208_Library\Debug\rc.command.1.tlog
C:\projetC++biblio\git_alex\PG208_Library\Debug\rc.read.1.tlog
C:\projetC++biblio\git_alex\PG208_Library\Debug\rc.write.1.tlog
C:\projetC++biblio\git_alex\PG208_Library\Debug\stdafx.obj
C:\projetC++biblio\git_alex\PG208_Library\Debug\User.obj
C:\projetC++biblio\git_alex\PG208_Library\Debug\vc100.pdb
C:\projetC++biblio\git_alex\PG208_Library\Debug\video.obj
C:\USERS\FABIEN\DOCUMENTS\GIT\PG208_LIBRARY\DEBUG\.NETFRAMEWORK,VERSION=V4.0.ASSEMBLYATTRIBUTES.OBJ
C:\USERS\FABIEN\DOCUMENTS\GIT\PG208_LIBRARY\DEBUG\APP.RES
C:\USERS\FABIEN\DOCUMENTS\GIT\PG208_LIBRARY\DEBUG\ARTICLE.OBJ
C:\USERS\FABIEN\DOCUMENTS\GIT\PG208_LIBRARY\DEBUG\ASSEMBLYINFO.OBJ
C:\USERS\FABIEN\DOCUMENTS\GIT\PG208_LIBRARY\DEBUG\BOOK.OBJ
C:\USERS\FABIEN\DOCUMENTS\GIT\PG208_LIBRARY\DEBUG\CD.OBJ
C:\USERS\FABIEN\DOCUMENTS\GIT\PG208_LIBRARY\DEBUG\CIPHER.OBJ
C:\USERS\FABIEN\DOCUMENTS\GIT\PG208_LIBRARY\DEBUG\CONVERSION.OBJ
C:\USERS\FABIEN\DOCUMENTS\GIT\PG208_LIBRARY\DEBUG\DIGITALRES.OBJ
C:\USERS\FABIEN\DOCUMENTS\GIT\PG208_LIBRARY\DEBUG\FORMEDITARTICLE.OBJ
C:\USERS\FABIEN\DOCUMENTS\GIT\PG208_LIBRARY\DEBUG\FORMHOME.OBJ
C:\USERS\FABIEN\DOCUMENTS\GIT\PG208_LIBRARY\DEBUG\FORMNEWARTICLE.OBJ
C:\USERS\FABIEN\DOCUMENTS\GIT\PG208_LIBRARY\DEBUG\FORMNEWUSER.OBJ
C:\USERS\FABIEN\DOCUMENTS\GIT\PG208_LIBRARY\DEBUG\LIBRARY.OBJ
C:\USERS\FABIEN\DOCUMENTS\GIT\PG208_LIBRARY\DEBUG\MAGAZINE.OBJ
C:\USERS\FABIEN\DOCUMENTS\GIT\PG208_LIBRARY\DEBUG\METAGEN.WRITE.1.TLOG
C:\USERS\FABIEN\DOCUMENTS\GIT\PG208_LIBRARY\DEBUG\PG208_LIBRARY.EXE
C:\USERS\FABIEN\DOCUMENTS\GIT\PG208_LIBRARY\DEBUG\PG208_LIBRARY.EXE.INTERMEDIATE.MANIFEST
C:\USERS\FABIEN\DOCUMENTS\GIT\PG208_LIBRARY\DEBUG\PG208_LIBRARY.ILK
C:\USERS\FABIEN\DOCUMENTS\GIT\PG208_LIBRARY\DEBUG\PG208_LIBRARY.OBJ
C:\USERS\FABIEN\DOCUMENTS\GIT\PG208_LIBRARY\DEBUG\PG208_LIBRARY.PCH
C:\USERS\FABIEN\DOCUMENTS\GIT\PG208_LIBRARY\DEBUG\PG208_LIBRARY.PDB
C:\USERS\FABIEN\DOCUMENTS\GIT\PG208_LIBRARY\DEBUG\POPUPS.OBJ
C:\USERS\FABIEN\DOCUMENTS\GIT\PG208_LIBRARY\DEBUG\STDAFX.OBJ
C:\USERS\FABIEN\DOCUMENTS\GIT\PG208_LIBRARY\DEBUG\USER.OBJ
C:\USERS\FABIEN\DOCUMENTS\GIT\PG208_LIBRARY\DEBUG\VC100.PDB
C:\USERS\FABIEN\DOCUMENTS\GIT\PG208_LIBRARY\DEBUG\VIDEO.OBJ
